# This file may be used to create an environment using:
# $ conda create --name <env> --file <this file>
# platform: osx-64
_tflow_select=2.3.0=mkl
absl-py=0.8.1=py36_0
appnope=0.1.0=py36hf537a9a_0
astor=0.8.0=py36_0
attrs=19.3.0=py_0
backcall=0.1.0=py36_0
blas=1.0=mkl
bleach=3.1.0=py36_0
c-ares=1.15.0=h1de35cc_1001
ca-certificates=2019.10.16=0
cctools=921=h5ba7a2e_4
certifi=2019.9.11=py36_0
clang=9.0.0=h28b9765_1
clang_osx-64=9.0.0=h22b1bf0_3
clangxx=9.0.0=1
clangxx_osx-64=9.0.0=h22b1bf0_3
compiler-rt=9.0.0=hce3ea14_0
dbus=1.13.6=h2f22bb5_0
decorator=4.4.0=py36_1
defusedxml=0.6.0=py_0
entrypoints=0.3=py36_0
expat=2.2.6=h0a44026_0
gast=0.3.2=py_0
gettext=0.19.8.1=h15daf44_3
glib=2.58.3=h9d45998_1002
grpcio=1.23.0=py36h6ef0057_0
h5py=2.10.0=nompi_py36h6248fd5_100
hdf5=1.10.5=nompi_h3e39495_1104
icu=64.2=h6de7cb9_1
importlib_metadata=0.23=py36_0
intel-openmp=2019.4=233
ipykernel=5.1.3=py36h5ca1d4c_0
ipython=7.8.0=py36h39e3cac_0
ipython_genutils=0.2.0=py36h241746c_0
ipywidgets=7.5.1=py_0
jedi=0.15.1=py36_0
jinja2=2.10.3=py_0
joblib=0.14.0=py_0
jpeg=9c=h1de35cc_1001
jsonschema=3.1.1=py36_0
jupyter=1.0.0=py36_7
jupyter_client=5.3.4=py36_0
jupyter_console=6.0.0=py36_0
jupyter_core=4.6.0=py36_0
keras=2.3.1=py36_0
keras-applications=1.0.8=py_0
keras-preprocessing=1.1.0=py_1
ld64=409.12=h3c32e8a_4
libblas=3.8.0=14_openblas
libcblas=3.8.0=14_openblas
libclang=8.0.1=h770b8ee_1
libcxx=9.0.0=h89e68fa_1
libedit=3.1.20181209=hb402a30_0
libffi=3.2.1=h475c297_4
libgfortran=4.0.0=2
libiconv=1.15=hdd342a3_7
liblapack=3.8.0=14_openblas
libllvm8=8.0.1=h770b8ee_0
libllvm9=9.0.0=h770b8ee_2
libopenblas=0.3.7=h4bb4525_2
libpng=1.6.37=ha441bb4_0
libprotobuf=3.10.0=hd174df1_0
libsodium=1.0.17=h01d97ff_0
llvm-openmp=9.0.0=h40edb58_0
markdown=3.1.1=py36_0
markupsafe=1.1.1=py36h1de35cc_0
mistune=0.8.4=py36h1de35cc_0
mkl=2019.4=233
mkl-service=2.3.0=py36hfbe908c_0
more-itertools=7.2.0=py36_0
nbconvert=5.6.0=py36_1
nbformat=4.4.0=py36h827af21_0
ncurses=6.1=h0a44026_1
notebook=6.0.1=py36_0
nspr=4.20=h0a44026_1000
nss=3.46=h39b4b1f_0
numpy=1.17.3=py36hde6bac1_0
openssl=1.1.1d=h1de35cc_3
pandas=0.25.2=py36h0a44026_0
pandoc=2.7.3=0
pandocfilters=1.4.2=py36_1
parso=0.5.1=py_0
pcre=8.43=h0a44026_0
pexpect=4.7.0=py36_0
pickleshare=0.7.5=py36_0
pip=19.3.1=py36_0
prometheus_client=0.7.1=py_0
prompt_toolkit=2.0.10=py_0
protobuf=3.10.0=py36h4a8c4bd_0
ptyprocess=0.6.0=py36_0
pygments=2.4.2=py_0
pyqt=5.12.3=py36h2a560b1_0
pyrsistent=0.15.4=py36h1de35cc_0
python=3.6.9=h359304d_0
python-dateutil=2.8.0=py36_0
pytz=2019.3=py_0
pyyaml=5.1.2=py36h1de35cc_0
pyzmq=18.1.0=py36h0a44026_0
qt=5.12.5=h1b46049_0
qtconsole=4.5.5=py_0
readline=7.0=h1de35cc_5
scikit-learn=0.21.3=py36h27c97d8_0
scipy=1.3.1=py36h7e0e109_2
send2trash=1.5.0=py36_0
setuptools=41.4.0=py36_0
six=1.12.0=py36_0
sqlite=3.30.0=ha441bb4_0
tapi=1000.10.8=h770b8ee_3
tensorboard=1.14.0=py36h0d404ac_0
tensorflow=1.14.0=mkl_py36h933f829_0
tensorflow-base=1.14.0=mkl_py36h655c25b_0
tensorflow-estimator=1.14.0=py_0
termcolor=1.1.0=py36_1
terminado=0.8.2=py36_0
testpath=0.4.2=py36_0
theano=1.0.4=py36h04f5b5a_0
tk=8.6.9=h2573ce8_1003
tornado=6.0.3=py36h1de35cc_0
traitlets=4.3.3=py36_0
wcwidth=0.1.7=py36h8c6ec74_0
webencodings=0.5.1=py36_1
werkzeug=0.16.0=py_0
wheel=0.33.6=py36_0
widgetsnbextension=3.5.1=py36_0
wrapt=1.11.2=py36h1de35cc_0
xz=5.2.4=h1de35cc_4
yaml=0.1.7=hc338f04_2
zeromq=4.3.2=h6de7cb9_2
zipp=0.6.0=py_0
zlib=1.2.11=h1de35cc_3
